25-01-30.19:37:01.250 [main            ] WARN  CuratorZookeeperClient - session timeout [18000] is less than connection timeout [30000]
25-01-30.19:37:06.430 [main            ] WARN  LoadBalancerCacheAutoConfiguration$LoadBalancerCaffeineWarnLogger - Spring Cloud LoadBalancer is currently working with the default cache. While this cache implementation is useful for development and tests, it's recommended to use Caffeine cache in production.You can switch to using Caffeine cache, by adding it and org.springframework.cache.caffeine.CaffeineCacheManager to the classpath.
25-01-30.19:37:11.916 [main            ] ERROR MarketTradeController  - 营销交易锁单服务失败:cat LockMarketPayOrderRequestDTO:{"activityId":100123,"channel":"c01","goodsId":"9890001","outTradeNo":"440910665687","source":"s01","userId":"cat"}
java.lang.NumberFormatException: For input string: "192.168.136.1"
	at java.lang.NumberFormatException.forInputString(NumberFormatException.java:65)
	at java.lang.Integer.parseInt(Integer.java:580)
	at java.lang.Integer.parseInt(Integer.java:615)
	at cn.cat.infrastructure.dcc.DCCService.isCutRange(DCCService.java:26)
	at cn.cat.infrastructure.adapter.repository.ActivityRepository.cutRange(ActivityRepository.java:117)
	at cn.cat.infrastructure.adapter.repository.ActivityRepository$$FastClassBySpringCGLIB$$31a625ce.invoke(<generated>)
	at org.springframework.cglib.proxy.MethodProxy.invoke(MethodProxy.java:218)
	at org.springframework.aop.framework.CglibAopProxy$CglibMethodInvocation.invokeJoinpoint(CglibAopProxy.java:793)
	at org.springframework.aop.framework.ReflectiveMethodInvocation.proceed(ReflectiveMethodInvocation.java:163)
	at org.springframework.aop.framework.CglibAopProxy$CglibMethodInvocation.proceed(CglibAopProxy.java:763)
	at org.springframework.dao.support.PersistenceExceptionTranslationInterceptor.invoke(PersistenceExceptionTranslationInterceptor.java:137)
	at org.springframework.aop.framework.ReflectiveMethodInvocation.proceed(ReflectiveMethodInvocation.java:186)
	at org.springframework.aop.framework.CglibAopProxy$CglibMethodInvocation.proceed(CglibAopProxy.java:763)
	at org.springframework.aop.framework.CglibAopProxy$DynamicAdvisedInterceptor.intercept(CglibAopProxy.java:708)
	at cn.cat.infrastructure.adapter.repository.ActivityRepository$$EnhancerBySpringCGLIB$$c4fc748f.cutRange(<generated>)
	at cn.cat.domain.activity.service.trial.node.SwitchRoot.doApply(SwitchRoot.java:36)
	at cn.cat.domain.activity.service.trial.node.SwitchRoot.doApply(SwitchRoot.java:16)
	at cn.cat.types.design.framework.tree.AbstractMultiThreadStrategyRouter.apply(AbstractMultiThreadStrategyRouter.java:26)
	at cn.cat.types.design.framework.tree.AbstractMultiThreadStrategyRouter.router(AbstractMultiThreadStrategyRouter.java:17)
	at cn.cat.domain.activity.service.trial.node.RootNode.doApply(RootNode.java:28)
	at cn.cat.domain.activity.service.trial.node.RootNode.doApply(RootNode.java:16)
	at cn.cat.types.design.framework.tree.AbstractMultiThreadStrategyRouter.apply(AbstractMultiThreadStrategyRouter.java:26)
	at cn.cat.domain.activity.service.IndexGroupBuyMarketServiceImpl.indexMarketTrial(IndexGroupBuyMarketServiceImpl.java:22)
	at cn.cat.trigger.http.MarketTradeController.lockMarketPayOrder(MarketTradeController.java:91)
	at cn.cat.test.trigger.MarketTradeControllerTest.test_lockMarketPayOrder(MarketTradeControllerTest.java:39)
	at sun.reflect.NativeMethodAccessorImpl.invoke0(Native Method)
	at sun.reflect.NativeMethodAccessorImpl.invoke(NativeMethodAccessorImpl.java:62)
	at sun.reflect.DelegatingMethodAccessorImpl.invoke(DelegatingMethodAccessorImpl.java:43)
	at java.lang.reflect.Method.invoke(Method.java:498)
	at org.junit.runners.model.FrameworkMethod$1.runReflectiveCall(FrameworkMethod.java:59)
	at org.junit.internal.runners.model.ReflectiveCallable.run(ReflectiveCallable.java:12)
	at org.junit.runners.model.FrameworkMethod.invokeExplosively(FrameworkMethod.java:56)
	at org.junit.internal.runners.statements.InvokeMethod.evaluate(InvokeMethod.java:17)
	at org.springframework.test.context.junit4.statements.RunBeforeTestExecutionCallbacks.evaluate(RunBeforeTestExecutionCallbacks.java:74)
	at org.springframework.test.context.junit4.statements.RunAfterTestExecutionCallbacks.evaluate(RunAfterTestExecutionCallbacks.java:84)
	at org.springframework.test.context.junit4.statements.RunBeforeTestMethodCallbacks.evaluate(RunBeforeTestMethodCallbacks.java:75)
	at org.springframework.test.context.junit4.statements.RunAfterTestMethodCallbacks.evaluate(RunAfterTestMethodCallbacks.java:86)
	at org.springframework.test.context.junit4.statements.SpringRepeat.evaluate(SpringRepeat.java:84)
	at org.junit.runners.ParentRunner.runLeaf(ParentRunner.java:366)
	at org.springframework.test.context.junit4.SpringJUnit4ClassRunner.runChild(SpringJUnit4ClassRunner.java:251)
	at org.springframework.test.context.junit4.SpringJUnit4ClassRunner.runChild(SpringJUnit4ClassRunner.java:97)
	at org.junit.runners.ParentRunner$4.run(ParentRunner.java:331)
	at org.junit.runners.ParentRunner$1.schedule(ParentRunner.java:79)
	at org.junit.runners.ParentRunner.runChildren(ParentRunner.java:329)
	at org.junit.runners.ParentRunner.access$100(ParentRunner.java:66)
	at org.junit.runners.ParentRunner$2.evaluate(ParentRunner.java:293)
	at org.springframework.test.context.junit4.statements.RunBeforeTestClassCallbacks.evaluate(RunBeforeTestClassCallbacks.java:61)
	at org.springframework.test.context.junit4.statements.RunAfterTestClassCallbacks.evaluate(RunAfterTestClassCallbacks.java:70)
	at org.junit.runners.ParentRunner$3.evaluate(ParentRunner.java:306)
	at org.junit.runners.ParentRunner.run(ParentRunner.java:413)
	at org.springframework.test.context.junit4.SpringJUnit4ClassRunner.run(SpringJUnit4ClassRunner.java:190)
	at org.junit.runner.JUnitCore.run(JUnitCore.java:137)
	at com.intellij.junit4.JUnit4IdeaTestRunner.startRunnerWithArgs(JUnit4IdeaTestRunner.java:69)
	at com.intellij.rt.junit.IdeaTestRunner$Repeater$1.execute(IdeaTestRunner.java:38)
	at com.intellij.rt.execution.junit.TestsRepeater.repeat(TestsRepeater.java:11)
	at com.intellij.rt.junit.IdeaTestRunner$Repeater.startRunnerWithArgs(IdeaTestRunner.java:35)
	at com.intellij.rt.junit.JUnitStarter.prepareStreamsAndStart(JUnitStarter.java:232)
	at com.intellij.rt.junit.JUnitStarter.main(JUnitStarter.java:55)
25-01-30.19:43:38.550 [main            ] WARN  CuratorZookeeperClient - session timeout [18000] is less than connection timeout [30000]
25-01-30.19:43:42.866 [main            ] WARN  LoadBalancerCacheAutoConfiguration$LoadBalancerCaffeineWarnLogger - Spring Cloud LoadBalancer is currently working with the default cache. While this cache implementation is useful for development and tests, it's recommended to use Caffeine cache in production.You can switch to using Caffeine cache, by adding it and org.springframework.cache.caffeine.CaffeineCacheManager to the classpath.
25-01-30.19:43:46.106 [main            ] ERROR MarketTradeController  - 营销交易锁单服务失败:cat LockMarketPayOrderRequestDTO:{"activityId":100123,"channel":"c01","goodsId":"9890001","outTradeNo":"573653140784","source":"s01","userId":"cat"}
cn.cat.types.exception.AppException: null
	at cn.cat.domain.activity.service.trial.node.SwitchRoot.doApply(SwitchRoot.java:32)
	at cn.cat.domain.activity.service.trial.node.SwitchRoot.doApply(SwitchRoot.java:16)
	at cn.cat.types.design.framework.tree.AbstractMultiThreadStrategyRouter.apply(AbstractMultiThreadStrategyRouter.java:26)
	at cn.cat.types.design.framework.tree.AbstractMultiThreadStrategyRouter.router(AbstractMultiThreadStrategyRouter.java:17)
	at cn.cat.domain.activity.service.trial.node.RootNode.doApply(RootNode.java:28)
	at cn.cat.domain.activity.service.trial.node.RootNode.doApply(RootNode.java:16)
	at cn.cat.types.design.framework.tree.AbstractMultiThreadStrategyRouter.apply(AbstractMultiThreadStrategyRouter.java:26)
	at cn.cat.domain.activity.service.IndexGroupBuyMarketServiceImpl.indexMarketTrial(IndexGroupBuyMarketServiceImpl.java:22)
	at cn.cat.trigger.http.MarketTradeController.lockMarketPayOrder(MarketTradeController.java:91)
	at cn.cat.test.trigger.MarketTradeControllerTest.test_lockMarketPayOrder(MarketTradeControllerTest.java:39)
	at sun.reflect.NativeMethodAccessorImpl.invoke0(Native Method)
	at sun.reflect.NativeMethodAccessorImpl.invoke(NativeMethodAccessorImpl.java:62)
	at sun.reflect.DelegatingMethodAccessorImpl.invoke(DelegatingMethodAccessorImpl.java:43)
	at java.lang.reflect.Method.invoke(Method.java:498)
	at org.junit.runners.model.FrameworkMethod$1.runReflectiveCall(FrameworkMethod.java:59)
	at org.junit.internal.runners.model.ReflectiveCallable.run(ReflectiveCallable.java:12)
	at org.junit.runners.model.FrameworkMethod.invokeExplosively(FrameworkMethod.java:56)
	at org.junit.internal.runners.statements.InvokeMethod.evaluate(InvokeMethod.java:17)
	at org.springframework.test.context.junit4.statements.RunBeforeTestExecutionCallbacks.evaluate(RunBeforeTestExecutionCallbacks.java:74)
	at org.springframework.test.context.junit4.statements.RunAfterTestExecutionCallbacks.evaluate(RunAfterTestExecutionCallbacks.java:84)
	at org.springframework.test.context.junit4.statements.RunBeforeTestMethodCallbacks.evaluate(RunBeforeTestMethodCallbacks.java:75)
	at org.springframework.test.context.junit4.statements.RunAfterTestMethodCallbacks.evaluate(RunAfterTestMethodCallbacks.java:86)
	at org.springframework.test.context.junit4.statements.SpringRepeat.evaluate(SpringRepeat.java:84)
	at org.junit.runners.ParentRunner.runLeaf(ParentRunner.java:366)
	at org.springframework.test.context.junit4.SpringJUnit4ClassRunner.runChild(SpringJUnit4ClassRunner.java:251)
	at org.springframework.test.context.junit4.SpringJUnit4ClassRunner.runChild(SpringJUnit4ClassRunner.java:97)
	at org.junit.runners.ParentRunner$4.run(ParentRunner.java:331)
	at org.junit.runners.ParentRunner$1.schedule(ParentRunner.java:79)
	at org.junit.runners.ParentRunner.runChildren(ParentRunner.java:329)
	at org.junit.runners.ParentRunner.access$100(ParentRunner.java:66)
	at org.junit.runners.ParentRunner$2.evaluate(ParentRunner.java:293)
	at org.springframework.test.context.junit4.statements.RunBeforeTestClassCallbacks.evaluate(RunBeforeTestClassCallbacks.java:61)
	at org.springframework.test.context.junit4.statements.RunAfterTestClassCallbacks.evaluate(RunAfterTestClassCallbacks.java:70)
	at org.junit.runners.ParentRunner$3.evaluate(ParentRunner.java:306)
	at org.junit.runners.ParentRunner.run(ParentRunner.java:413)
	at org.springframework.test.context.junit4.SpringJUnit4ClassRunner.run(SpringJUnit4ClassRunner.java:190)
	at org.junit.runner.JUnitCore.run(JUnitCore.java:137)
	at com.intellij.junit4.JUnit4IdeaTestRunner.startRunnerWithArgs(JUnit4IdeaTestRunner.java:69)
	at com.intellij.rt.junit.IdeaTestRunner$Repeater$1.execute(IdeaTestRunner.java:38)
	at com.intellij.rt.execution.junit.TestsRepeater.repeat(TestsRepeater.java:11)
	at com.intellij.rt.junit.IdeaTestRunner$Repeater.startRunnerWithArgs(IdeaTestRunner.java:35)
	at com.intellij.rt.junit.JUnitStarter.prepareStreamsAndStart(JUnitStarter.java:232)
	at com.intellij.rt.junit.JUnitStarter.main(JUnitStarter.java:55)
25-01-30.19:46:21.217 [main            ] WARN  CuratorZookeeperClient - session timeout [18000] is less than connection timeout [30000]
25-01-30.19:46:25.662 [main            ] WARN  LoadBalancerCacheAutoConfiguration$LoadBalancerCaffeineWarnLogger - Spring Cloud LoadBalancer is currently working with the default cache. While this cache implementation is useful for development and tests, it's recommended to use Caffeine cache in production.You can switch to using Caffeine cache, by adding it and org.springframework.cache.caffeine.CaffeineCacheManager to the classpath.
25-01-30.19:46:28.222 [main            ] ERROR MarketTradeController  - 营销交易锁单服务失败:cat LockMarketPayOrderRequestDTO:{"activityId":100123,"channel":"c01","goodsId":"9890001","outTradeNo":"880175596539","source":"s01","userId":"cat"}
java.lang.NullPointerException: null
	at cn.cat.domain.activity.service.trial.node.TagNode.doApply(TagNode.java:30)
	at cn.cat.domain.activity.service.trial.node.TagNode.doApply(TagNode.java:16)
	at cn.cat.types.design.framework.tree.AbstractMultiThreadStrategyRouter.apply(AbstractMultiThreadStrategyRouter.java:26)
	at cn.cat.types.design.framework.tree.AbstractMultiThreadStrategyRouter.router(AbstractMultiThreadStrategyRouter.java:17)
	at cn.cat.domain.activity.service.trial.node.SwitchRoot.doApply(SwitchRoot.java:41)
	at cn.cat.domain.activity.service.trial.node.SwitchRoot.doApply(SwitchRoot.java:16)
	at cn.cat.types.design.framework.tree.AbstractMultiThreadStrategyRouter.apply(AbstractMultiThreadStrategyRouter.java:26)
	at cn.cat.types.design.framework.tree.AbstractMultiThreadStrategyRouter.router(AbstractMultiThreadStrategyRouter.java:17)
	at cn.cat.domain.activity.service.trial.node.RootNode.doApply(RootNode.java:28)
	at cn.cat.domain.activity.service.trial.node.RootNode.doApply(RootNode.java:16)
	at cn.cat.types.design.framework.tree.AbstractMultiThreadStrategyRouter.apply(AbstractMultiThreadStrategyRouter.java:26)
	at cn.cat.domain.activity.service.IndexGroupBuyMarketServiceImpl.indexMarketTrial(IndexGroupBuyMarketServiceImpl.java:22)
	at cn.cat.trigger.http.MarketTradeController.lockMarketPayOrder(MarketTradeController.java:91)
	at cn.cat.test.trigger.MarketTradeControllerTest.test_lockMarketPayOrder(MarketTradeControllerTest.java:39)
	at sun.reflect.NativeMethodAccessorImpl.invoke0(Native Method)
	at sun.reflect.NativeMethodAccessorImpl.invoke(NativeMethodAccessorImpl.java:62)
	at sun.reflect.DelegatingMethodAccessorImpl.invoke(DelegatingMethodAccessorImpl.java:43)
	at java.lang.reflect.Method.invoke(Method.java:498)
	at org.junit.runners.model.FrameworkMethod$1.runReflectiveCall(FrameworkMethod.java:59)
	at org.junit.internal.runners.model.ReflectiveCallable.run(ReflectiveCallable.java:12)
	at org.junit.runners.model.FrameworkMethod.invokeExplosively(FrameworkMethod.java:56)
	at org.junit.internal.runners.statements.InvokeMethod.evaluate(InvokeMethod.java:17)
	at org.springframework.test.context.junit4.statements.RunBeforeTestExecutionCallbacks.evaluate(RunBeforeTestExecutionCallbacks.java:74)
	at org.springframework.test.context.junit4.statements.RunAfterTestExecutionCallbacks.evaluate(RunAfterTestExecutionCallbacks.java:84)
	at org.springframework.test.context.junit4.statements.RunBeforeTestMethodCallbacks.evaluate(RunBeforeTestMethodCallbacks.java:75)
	at org.springframework.test.context.junit4.statements.RunAfterTestMethodCallbacks.evaluate(RunAfterTestMethodCallbacks.java:86)
	at org.springframework.test.context.junit4.statements.SpringRepeat.evaluate(SpringRepeat.java:84)
	at org.junit.runners.ParentRunner.runLeaf(ParentRunner.java:366)
	at org.springframework.test.context.junit4.SpringJUnit4ClassRunner.runChild(SpringJUnit4ClassRunner.java:251)
	at org.springframework.test.context.junit4.SpringJUnit4ClassRunner.runChild(SpringJUnit4ClassRunner.java:97)
	at org.junit.runners.ParentRunner$4.run(ParentRunner.java:331)
	at org.junit.runners.ParentRunner$1.schedule(ParentRunner.java:79)
	at org.junit.runners.ParentRunner.runChildren(ParentRunner.java:329)
	at org.junit.runners.ParentRunner.access$100(ParentRunner.java:66)
	at org.junit.runners.ParentRunner$2.evaluate(ParentRunner.java:293)
	at org.springframework.test.context.junit4.statements.RunBeforeTestClassCallbacks.evaluate(RunBeforeTestClassCallbacks.java:61)
	at org.springframework.test.context.junit4.statements.RunAfterTestClassCallbacks.evaluate(RunAfterTestClassCallbacks.java:70)
	at org.junit.runners.ParentRunner$3.evaluate(ParentRunner.java:306)
	at org.junit.runners.ParentRunner.run(ParentRunner.java:413)
	at org.springframework.test.context.junit4.SpringJUnit4ClassRunner.run(SpringJUnit4ClassRunner.java:190)
	at org.junit.runner.JUnitCore.run(JUnitCore.java:137)
	at com.intellij.junit4.JUnit4IdeaTestRunner.startRunnerWithArgs(JUnit4IdeaTestRunner.java:69)
	at com.intellij.rt.junit.IdeaTestRunner$Repeater$1.execute(IdeaTestRunner.java:38)
	at com.intellij.rt.execution.junit.TestsRepeater.repeat(TestsRepeater.java:11)
	at com.intellij.rt.junit.IdeaTestRunner$Repeater.startRunnerWithArgs(IdeaTestRunner.java:35)
	at com.intellij.rt.junit.JUnitStarter.prepareStreamsAndStart(JUnitStarter.java:232)
	at com.intellij.rt.junit.JUnitStarter.main(JUnitStarter.java:55)
25-01-30.19:53:36.499 [main            ] WARN  CuratorZookeeperClient - session timeout [18000] is less than connection timeout [30000]
25-01-30.19:53:40.786 [main            ] WARN  LoadBalancerCacheAutoConfiguration$LoadBalancerCaffeineWarnLogger - Spring Cloud LoadBalancer is currently working with the default cache. While this cache implementation is useful for development and tests, it's recommended to use Caffeine cache in production.You can switch to using Caffeine cache, by adding it and org.springframework.cache.caffeine.CaffeineCacheManager to the classpath.
25-01-30.19:53:44.754 [main            ] ERROR MarketTradeController  - 营销交易锁单服务失败:cat LockMarketPayOrderRequestDTO:{"activityId":100123,"channel":"c01","goodsId":"9890001","outTradeNo":"834310777606","source":"s01","userId":"cat"}
cn.cat.types.exception.AppException: null
	at cn.cat.domain.trade.service.lock.filter.UserTakeLimitRuleFilter.apply(UserTakeLimitRuleFilter.java:33)
	at cn.cat.domain.trade.service.lock.filter.UserTakeLimitRuleFilter.apply(UserTakeLimitRuleFilter.java:16)
	at cn.cat.types.design.framework.link.model2.chain.BusinessLinkedList.apply(BusinessLinkedList.java:16)
	at cn.cat.domain.trade.service.lock.TradeLockOrderService.lockMarketPayOrder(TradeLockOrderService.java:35)
	at cn.cat.trigger.http.MarketTradeController.lockMarketPayOrder(MarketTradeController.java:110)
	at cn.cat.test.trigger.MarketTradeControllerTest.test_lockMarketPayOrder(MarketTradeControllerTest.java:39)
	at sun.reflect.NativeMethodAccessorImpl.invoke0(Native Method)
	at sun.reflect.NativeMethodAccessorImpl.invoke(NativeMethodAccessorImpl.java:62)
	at sun.reflect.DelegatingMethodAccessorImpl.invoke(DelegatingMethodAccessorImpl.java:43)
	at java.lang.reflect.Method.invoke(Method.java:498)
	at org.junit.runners.model.FrameworkMethod$1.runReflectiveCall(FrameworkMethod.java:59)
	at org.junit.internal.runners.model.ReflectiveCallable.run(ReflectiveCallable.java:12)
	at org.junit.runners.model.FrameworkMethod.invokeExplosively(FrameworkMethod.java:56)
	at org.junit.internal.runners.statements.InvokeMethod.evaluate(InvokeMethod.java:17)
	at org.springframework.test.context.junit4.statements.RunBeforeTestExecutionCallbacks.evaluate(RunBeforeTestExecutionCallbacks.java:74)
	at org.springframework.test.context.junit4.statements.RunAfterTestExecutionCallbacks.evaluate(RunAfterTestExecutionCallbacks.java:84)
	at org.springframework.test.context.junit4.statements.RunBeforeTestMethodCallbacks.evaluate(RunBeforeTestMethodCallbacks.java:75)
	at org.springframework.test.context.junit4.statements.RunAfterTestMethodCallbacks.evaluate(RunAfterTestMethodCallbacks.java:86)
	at org.springframework.test.context.junit4.statements.SpringRepeat.evaluate(SpringRepeat.java:84)
	at org.junit.runners.ParentRunner.runLeaf(ParentRunner.java:366)
	at org.springframework.test.context.junit4.SpringJUnit4ClassRunner.runChild(SpringJUnit4ClassRunner.java:251)
	at org.springframework.test.context.junit4.SpringJUnit4ClassRunner.runChild(SpringJUnit4ClassRunner.java:97)
	at org.junit.runners.ParentRunner$4.run(ParentRunner.java:331)
	at org.junit.runners.ParentRunner$1.schedule(ParentRunner.java:79)
	at org.junit.runners.ParentRunner.runChildren(ParentRunner.java:329)
	at org.junit.runners.ParentRunner.access$100(ParentRunner.java:66)
	at org.junit.runners.ParentRunner$2.evaluate(ParentRunner.java:293)
	at org.springframework.test.context.junit4.statements.RunBeforeTestClassCallbacks.evaluate(RunBeforeTestClassCallbacks.java:61)
	at org.springframework.test.context.junit4.statements.RunAfterTestClassCallbacks.evaluate(RunAfterTestClassCallbacks.java:70)
	at org.junit.runners.ParentRunner$3.evaluate(ParentRunner.java:306)
	at org.junit.runners.ParentRunner.run(ParentRunner.java:413)
	at org.springframework.test.context.junit4.SpringJUnit4ClassRunner.run(SpringJUnit4ClassRunner.java:190)
	at org.junit.runner.JUnitCore.run(JUnitCore.java:137)
	at com.intellij.junit4.JUnit4IdeaTestRunner.startRunnerWithArgs(JUnit4IdeaTestRunner.java:69)
	at com.intellij.rt.junit.IdeaTestRunner$Repeater$1.execute(IdeaTestRunner.java:38)
	at com.intellij.rt.execution.junit.TestsRepeater.repeat(TestsRepeater.java:11)
	at com.intellij.rt.junit.IdeaTestRunner$Repeater.startRunnerWithArgs(IdeaTestRunner.java:35)
	at com.intellij.rt.junit.JUnitStarter.prepareStreamsAndStart(JUnitStarter.java:232)
	at com.intellij.rt.junit.JUnitStarter.main(JUnitStarter.java:55)
25-01-30.19:54:33.062 [main            ] WARN  CuratorZookeeperClient - session timeout [18000] is less than connection timeout [30000]
25-01-30.19:54:37.633 [main            ] WARN  LoadBalancerCacheAutoConfiguration$LoadBalancerCaffeineWarnLogger - Spring Cloud LoadBalancer is currently working with the default cache. While this cache implementation is useful for development and tests, it's recommended to use Caffeine cache in production.You can switch to using Caffeine cache, by adding it and org.springframework.cache.caffeine.CaffeineCacheManager to the classpath.
25-01-30.19:54:51.332 [main            ] ERROR MarketTradeController  - 营销交易锁单服务失败:cat LockMarketPayOrderRequestDTO:{"activityId":100123,"channel":"c01","goodsId":"9890001","outTradeNo":"387267188472","source":"s01","userId":"cat"}
cn.cat.types.exception.AppException: null
	at cn.cat.domain.trade.service.lock.filter.UserTakeLimitRuleFilter.apply(UserTakeLimitRuleFilter.java:33)
	at cn.cat.domain.trade.service.lock.filter.UserTakeLimitRuleFilter.apply(UserTakeLimitRuleFilter.java:16)
	at cn.cat.types.design.framework.link.model2.chain.BusinessLinkedList.apply(BusinessLinkedList.java:16)
	at cn.cat.domain.trade.service.lock.TradeLockOrderService.lockMarketPayOrder(TradeLockOrderService.java:35)
	at cn.cat.trigger.http.MarketTradeController.lockMarketPayOrder(MarketTradeController.java:110)
	at cn.cat.test.trigger.MarketTradeControllerTest.test_lockMarketPayOrder(MarketTradeControllerTest.java:39)
	at sun.reflect.NativeMethodAccessorImpl.invoke0(Native Method)
	at sun.reflect.NativeMethodAccessorImpl.invoke(NativeMethodAccessorImpl.java:62)
	at sun.reflect.DelegatingMethodAccessorImpl.invoke(DelegatingMethodAccessorImpl.java:43)
	at java.lang.reflect.Method.invoke(Method.java:498)
	at org.junit.runners.model.FrameworkMethod$1.runReflectiveCall(FrameworkMethod.java:59)
	at org.junit.internal.runners.model.ReflectiveCallable.run(ReflectiveCallable.java:12)
	at org.junit.runners.model.FrameworkMethod.invokeExplosively(FrameworkMethod.java:56)
	at org.junit.internal.runners.statements.InvokeMethod.evaluate(InvokeMethod.java:17)
	at org.springframework.test.context.junit4.statements.RunBeforeTestExecutionCallbacks.evaluate(RunBeforeTestExecutionCallbacks.java:74)
	at org.springframework.test.context.junit4.statements.RunAfterTestExecutionCallbacks.evaluate(RunAfterTestExecutionCallbacks.java:84)
	at org.springframework.test.context.junit4.statements.RunBeforeTestMethodCallbacks.evaluate(RunBeforeTestMethodCallbacks.java:75)
	at org.springframework.test.context.junit4.statements.RunAfterTestMethodCallbacks.evaluate(RunAfterTestMethodCallbacks.java:86)
	at org.springframework.test.context.junit4.statements.SpringRepeat.evaluate(SpringRepeat.java:84)
	at org.junit.runners.ParentRunner.runLeaf(ParentRunner.java:366)
	at org.springframework.test.context.junit4.SpringJUnit4ClassRunner.runChild(SpringJUnit4ClassRunner.java:251)
	at org.springframework.test.context.junit4.SpringJUnit4ClassRunner.runChild(SpringJUnit4ClassRunner.java:97)
	at org.junit.runners.ParentRunner$4.run(ParentRunner.java:331)
	at org.junit.runners.ParentRunner$1.schedule(ParentRunner.java:79)
	at org.junit.runners.ParentRunner.runChildren(ParentRunner.java:329)
	at org.junit.runners.ParentRunner.access$100(ParentRunner.java:66)
	at org.junit.runners.ParentRunner$2.evaluate(ParentRunner.java:293)
	at org.springframework.test.context.junit4.statements.RunBeforeTestClassCallbacks.evaluate(RunBeforeTestClassCallbacks.java:61)
	at org.springframework.test.context.junit4.statements.RunAfterTestClassCallbacks.evaluate(RunAfterTestClassCallbacks.java:70)
	at org.junit.runners.ParentRunner$3.evaluate(ParentRunner.java:306)
	at org.junit.runners.ParentRunner.run(ParentRunner.java:413)
	at org.springframework.test.context.junit4.SpringJUnit4ClassRunner.run(SpringJUnit4ClassRunner.java:190)
	at org.junit.runner.JUnitCore.run(JUnitCore.java:137)
	at com.intellij.junit4.JUnit4IdeaTestRunner.startRunnerWithArgs(JUnit4IdeaTestRunner.java:69)
	at com.intellij.rt.junit.IdeaTestRunner$Repeater$1.execute(IdeaTestRunner.java:38)
	at com.intellij.rt.execution.junit.TestsRepeater.repeat(TestsRepeater.java:11)
	at com.intellij.rt.junit.IdeaTestRunner$Repeater.startRunnerWithArgs(IdeaTestRunner.java:35)
	at com.intellij.rt.junit.JUnitStarter.prepareStreamsAndStart(JUnitStarter.java:232)
	at com.intellij.rt.junit.JUnitStarter.main(JUnitStarter.java:55)
25-01-30.19:57:29.003 [main            ] WARN  CuratorZookeeperClient - session timeout [18000] is less than connection timeout [30000]
25-01-30.19:57:34.399 [main            ] WARN  LoadBalancerCacheAutoConfiguration$LoadBalancerCaffeineWarnLogger - Spring Cloud LoadBalancer is currently working with the default cache. While this cache implementation is useful for development and tests, it's recommended to use Caffeine cache in production.You can switch to using Caffeine cache, by adding it and org.springframework.cache.caffeine.CaffeineCacheManager to the classpath.
25-01-30.19:59:38.104 [main            ] WARN  CuratorZookeeperClient - session timeout [18000] is less than connection timeout [30000]
25-01-30.19:59:42.845 [main            ] WARN  LoadBalancerCacheAutoConfiguration$LoadBalancerCaffeineWarnLogger - Spring Cloud LoadBalancer is currently working with the default cache. While this cache implementation is useful for development and tests, it's recommended to use Caffeine cache in production.You can switch to using Caffeine cache, by adding it and org.springframework.cache.caffeine.CaffeineCacheManager to the classpath.
25-01-30.20:06:49.957 [main            ] WARN  CuratorZookeeperClient - session timeout [18000] is less than connection timeout [30000]
25-01-30.20:06:54.003 [main            ] WARN  LoadBalancerCacheAutoConfiguration$LoadBalancerCaffeineWarnLogger - Spring Cloud LoadBalancer is currently working with the default cache. While this cache implementation is useful for development and tests, it's recommended to use Caffeine cache in production.You can switch to using Caffeine cache, by adding it and org.springframework.cache.caffeine.CaffeineCacheManager to the classpath.
25-01-30.20:08:03.258 [main            ] WARN  CuratorZookeeperClient - session timeout [18000] is less than connection timeout [30000]
25-01-30.20:08:07.586 [main            ] WARN  LoadBalancerCacheAutoConfiguration$LoadBalancerCaffeineWarnLogger - Spring Cloud LoadBalancer is currently working with the default cache. While this cache implementation is useful for development and tests, it's recommended to use Caffeine cache in production.You can switch to using Caffeine cache, by adding it and org.springframework.cache.caffeine.CaffeineCacheManager to the classpath.
25-01-30.20:08:26.733 [main-SendThread(192.168.136.129:2181)] WARN  ClientCnxn             - Client session timed out, have not heard from server in 21915ms for session id 0x1000000cd9a000b
25-01-30.20:08:26.733 [HikariPool-1 housekeeper] WARN  HikariPool             - HikariPool-1 - Thread starvation or clock leap detected (housekeeper delta=48s224ms759µs600ns).
25-01-30.20:08:26.766 [main-SendThread(192.168.136.129:2181)] WARN  ClientCnxn             - Session 0x1000000cd9a000b for sever 192.168.136.129/192.168.136.129:2181, Closing socket connection. Attempting reconnect except it is a SessionExpiredException.
org.apache.zookeeper.ClientCnxn$SessionTimeoutException: Client session timed out, have not heard from server in 21915ms for session id 0x1000000cd9a000b
	at org.apache.zookeeper.ClientCnxn$SendThread.run(ClientCnxn.java:1230)
25-01-30.20:08:28.889 [main-SendThread(192.168.136.129:2181)] WARN  ClientCnxn             - Unable to reconnect to ZooKeeper service, session 0x1000000cd9a000b has expired
25-01-30.20:08:28.889 [main-SendThread(192.168.136.129:2181)] WARN  ClientCnxn             - An exception was thrown while closing send thread for session 0x1000000cd9a000b.
org.apache.zookeeper.ClientCnxn$SessionExpiredException: Unable to reconnect to ZooKeeper service, session 0x1000000cd9a000b has expired
	at org.apache.zookeeper.ClientCnxn$SendThread.onConnected(ClientCnxn.java:1406)
	at org.apache.zookeeper.ClientCnxnSocket.readConnectResult(ClientCnxnSocket.java:154)
	at org.apache.zookeeper.ClientCnxnSocketNIO.doIO(ClientCnxnSocketNIO.java:84)
	at org.apache.zookeeper.ClientCnxnSocketNIO.doTransport(ClientCnxnSocketNIO.java:348)
	at org.apache.zookeeper.ClientCnxn$SendThread.run(ClientCnxn.java:1262)
